d:\project\git\dicom_v2\dicom-image-tool\build\app\dicomimagetool.dir\debug\vc143.pdb
d:\project\git\dicom_v2\dicom-image-tool\build\app\dicomimagetool.dir\debug\processor.obj
d:\project\git\dicom_v2\dicom-image-tool\build\app\dicomimagetool.dir\debug\dicomreader.obj
d:\project\git\dicom_v2\dicom-image-tool\build\app\dicomimagetool.dir\debug\thread.obj
d:\project\git\dicom_v2\dicom-image-tool\build\app\dicomimagetool.dir\debug\main.obj
d:\project\git\dicom_v2\dicom-image-tool\build\app\dicomimagetool.dir\debug\filehandle.obj
d:\project\git\dicom_v2\dicom-image-tool\build\app\dicomimagetool.dir\debug\myimage.obj
d:\project\git\dicom_v2\dicom-image-tool\build\app\cmakefiles\generate.stamp
d:\project\git\dicom_v2\dicom-image-tool\build\app\dicomimagetool.dir\debug\dicomimagetool.ilk
d:\project\git\dicom_v2\dicom-image-tool\build\app\dicomimagetool.dir\debug\image.obj
d:\project\git\dicom_v2\dicom-image-tool\build\app\debug\dicomimagetool.pdb
d:\project\git\dicom_v2\dicom-image-tool\build\app\dicomimagetool.dir\debug\dicomimagetool.tlog\cl.command.1.tlog
d:\project\git\dicom_v2\dicom-image-tool\build\app\dicomimagetool.dir\debug\dicomimagetool.tlog\cl.items.tlog
d:\project\git\dicom_v2\dicom-image-tool\build\app\dicomimagetool.dir\debug\dicomimagetool.tlog\cl.read.1.tlog
d:\project\git\dicom_v2\dicom-image-tool\build\app\dicomimagetool.dir\debug\dicomimagetool.tlog\cl.write.1.tlog
d:\project\git\dicom_v2\dicom-image-tool\build\app\dicomimagetool.dir\debug\dicomimagetool.tlog\custombuild.command.1.tlog
d:\project\git\dicom_v2\dicom-image-tool\build\app\dicomimagetool.dir\debug\dicomimagetool.tlog\custombuild.read.1.tlog
d:\project\git\dicom_v2\dicom-image-tool\build\app\dicomimagetool.dir\debug\dicomimagetool.tlog\custombuild.write.1.tlog
d:\project\git\dicom_v2\dicom-image-tool\build\app\dicomimagetool.dir\debug\dicomimagetool.tlog\link.15852.read.1.tlog
d:\project\git\dicom_v2\dicom-image-tool\build\app\dicomimagetool.dir\debug\dicomimagetool.tlog\link.15852.write.1.tlog
d:\project\git\dicom_v2\dicom-image-tool\build\app\dicomimagetool.dir\debug\dicomimagetool.tlog\link.command.1.tlog
d:\project\git\dicom_v2\dicom-image-tool\build\app\dicomimagetool.dir\debug\dicomimagetool.tlog\link.read.1.tlog
d:\project\git\dicom_v2\dicom-image-tool\build\app\dicomimagetool.dir\debug\dicomimagetool.tlog\link.secondary.1.tlog
d:\project\git\dicom_v2\dicom-image-tool\build\app\dicomimagetool.dir\debug\dicomimagetool.tlog\link.write.1.tlog
